2023-07-11 18:45:25,801 DEBUG Horse: Создание Horse, имя [Буцефал], скорость [2.4]
2023-07-11 18:45:25,812 DEBUG Horse: Создание Horse, имя [Туз Пик], скорость [2.5]
2023-07-11 18:45:25,813 DEBUG Horse: Создание Horse, имя [Зефир], скорость [2.6]
2023-07-11 18:45:25,813 DEBUG Horse: Создание Horse, имя [Пожар], скорость [2.7]
2023-07-11 18:45:25,814 DEBUG Horse: Создание Horse, имя [Лобстер], скорость [2.8]
2023-07-11 18:45:25,814 DEBUG Horse: Создание Horse, имя [Пегас], скорость [2.9]
2023-07-11 18:45:25,814 DEBUG Horse: Создание Horse, имя [Вишня], скорость [3.0]
2023-07-11 18:45:25,816 DEBUG Hippodrome: Создание Hippodrome, лошадей [7]
2023-07-11 18:45:25,817 INFO Main: Начало скачек. Количество участников: 7
2023-07-11 18:45:26,026 INFO Main: Окончание скачек. Победитель: Вишня
2023-07-11 18:45:48,092 DEBUG Horse: Создание Horse, имя [Буцефал], скорость [2.4]
2023-07-11 18:45:48,097 DEBUG Horse: Создание Horse, имя [Туз Пик], скорость [2.5]
2023-07-11 18:45:48,098 DEBUG Horse: Создание Horse, имя [Зефир], скорость [2.6]
2023-07-11 18:45:48,099 DEBUG Horse: Создание Horse, имя [Пожар], скорость [2.7]
2023-07-11 18:45:48,099 DEBUG Horse: Создание Horse, имя [Лобстер], скорость [2.8]
2023-07-11 18:45:48,100 DEBUG Horse: Создание Horse, имя [Пегас], скорость [2.9]
2023-07-11 18:45:48,100 DEBUG Horse: Создание Horse, имя [Вишня], скорость [3.0]
2023-07-11 18:45:48,102 DEBUG Hippodrome: Создание Hippodrome, лошадей [7]
2023-07-11 18:45:48,102 INFO Main: Начало скачек. Количество участников: 7
2023-07-11 18:45:48,321 INFO Main: Окончание скачек. Победитель: Пегас
2023-07-11 18:45:54,222 DEBUG Horse: Создание Horse, имя [Буцефал], скорость [2.4]
2023-07-11 18:45:54,228 DEBUG Horse: Создание Horse, имя [Туз Пик], скорость [2.5]
2023-07-11 18:45:54,229 DEBUG Horse: Создание Horse, имя [Зефир], скорость [2.6]
2023-07-11 18:45:54,229 DEBUG Horse: Создание Horse, имя [Пожар], скорость [2.7]
2023-07-11 18:45:54,230 DEBUG Horse: Создание Horse, имя [Лобстер], скорость [2.8]
2023-07-11 18:45:54,230 DEBUG Horse: Создание Horse, имя [Пегас], скорость [2.9]
2023-07-11 18:45:54,230 DEBUG Horse: Создание Horse, имя [Вишня], скорость [3.0]
2023-07-11 18:45:54,232 DEBUG Hippodrome: Создание Hippodrome, лошадей [7]
2023-07-11 18:45:54,232 INFO Main: Начало скачек. Количество участников: 7
2023-07-11 18:45:54,458 INFO Main: Окончание скачек. Победитель: Лобстер
